<?xml version="1.0" encoding="UTF-8"?>
<!-- Generated by org.testng.reporters.JUnitReportReporter -->
<testsuite hostname="DESKTOP-VTAPJ2L" failures="0" tests="2" name="ecommerce.RestAPITest" time="0.000" errors="0" timestamp="2022-01-28T13:53:55 PST" skipped="0">
  <testcase classname="ecommerce.RestAPITest" name="deletetwitter" time="0.000"/>
  <system-out/>
  <testcase classname="ecommerce.RestAPITest" name="postjira" time="0.000"/>
  <system-out/>
</testsuite> <!-- ecommerce.RestAPITest -->
