<?xml version="1.0" encoding="UTF-8"?>
<!-- Generated by org.testng.reporters.JUnitReportReporter -->
<testsuite hostname="DESKTOP-VTAPJ2L" failures="0" tests="2" name="ecommerce.AppiumTest" time="0.000" errors="0" timestamp="2022-01-28T13:54:19 PST" skipped="0">
  <testcase classname="ecommerce.AppiumTest" name="iosApp" time="0.000"/>
  <system-out/>
  <testcase classname="ecommerce.AppiumTest" name="nativeapp" time="0.000"/>
  <system-out/>
</testsuite> <!-- ecommerce.AppiumTest -->
